Arguments: 
  /Users/dexter/emsdk/node/14.15.5_64bit/bin/node /Users/dexter/emsdk/node/14.15.5_64bit/bin/yarn

PATH: 
  /opt/local/bin:/opt/local/sbin:/Users/dexter/go/bin:/Users/dexter/emsdk:/Users/dexter/emsdk/upstream/emscripten:/Users/dexter/emsdk/node/14.15.5_64bit/bin:/usr/local/bin:/usr/bin:/bin:/usr/sbin:/sbin:/usr/local/go/bin:/opt/local/bin:/opt/local/sbin:/Users/dexter/go/bin

Yarn version: 
  1.22.11

Node version: 
  14.15.5

Platform: 
  darwin x64

Trace: 
  Error: https://registry.yarnpkg.com/ant-design-vue/-/ant-design-vue-2.2.6.tgz: ESOCKETTIMEDOUT
      at ClientRequest.<anonymous> (/Users/dexter/emsdk/node/14.15.5_64bit/lib/node_modules/yarn/lib/cli.js:141390:19)
      at Object.onceWrapper (events.js:421:28)
      at ClientRequest.emit (events.js:315:20)
      at TLSSocket.emitRequestTimeout (_http_client.js:784:9)
      at Object.onceWrapper (events.js:421:28)
      at TLSSocket.emit (events.js:327:22)
      at TLSSocket.Socket._onTimeout (net.js:483:8)
      at listOnTimeout (internal/timers.js:554:17)
      at processTimers (internal/timers.js:497:7)

npm manifest: 
  {
    "name": "rx-show",
    "version": "0.0.0",
    "scripts": {
      "dev": "vite",
      "build": "vite build",
      "serve": "vite preview"
    },
    "dependencies": {
      "@highlightjs/vue-plugin": "^1.0.2",
      "@vitejs/plugin-vue-jsx": "^1.1.2",
      "ant-design-vue": "^2.2.6",
      "fastrx": "^2.1.0",
      "vue": "^3.2.2",
      "vue-router": "4",
      "vuex": "^4.0.2"
    },
    "devDependencies": {
      "@vitejs/plugin-vue": "^1.1.5",
      "@vue/compiler-sfc": "^3.2.2",
      "less": "^4.1.1",
      "vite": "^2.0.5"
    }
  }

yarn manifest: 
  No manifest

Lockfile: 
  No lockfile
